-------------------------------------------------------------------------------
Test set: MainPageTest
-------------------------------------------------------------------------------
Tests run: 3, Failures: 1, Errors: 0, Skipped: 0, Time elapsed: 18.498 s <<< FAILURE! - in MainPageTest
entityBunsButtonClickTest(MainPageTest)  Time elapsed: 5.897 s  <<< FAILURE!
org.junit.ComparisonFailure: expected:<[Булки]> but was:<[Соусы]>
	at MainPageTest.entityBunsButtonClickTest(MainPageTest.java:32)

